ARM GAS  C:\Users\Cairne\AppData\Local\Temp\cc06lLqT.s 			page 1


   1              		.cpu cortex-m4
   2              		.eabi_attribute 27, 1
   3              		.eabi_attribute 28, 1
   4              		.eabi_attribute 20, 1
   5              		.eabi_attribute 21, 1
   6              		.eabi_attribute 23, 3
   7              		.eabi_attribute 24, 1
   8              		.eabi_attribute 25, 1
   9              		.eabi_attribute 26, 1
  10              		.eabi_attribute 30, 1
  11              		.eabi_attribute 34, 1
  12              		.eabi_attribute 18, 4
  13              		.file	"main.c"
  14              		.text
  15              	.Ltext0:
  16              		.cfi_sections	.debug_frame
  17              		.section	.text.SystemClock_Config,"ax",%progbits
  18              		.align	1
  19              		.global	SystemClock_Config
  20              		.syntax unified
  21              		.thumb
  22              		.thumb_func
  23              		.fpu fpv4-sp-d16
  25              	SystemClock_Config:
  26              	.LFB134:
  27              		.file 1 "Src/main.c"
   1:Src/main.c    **** /* USER CODE BEGIN Header */
   2:Src/main.c    **** /**
   3:Src/main.c    ****   ******************************************************************************
   4:Src/main.c    ****   * @file           : main.c
   5:Src/main.c    ****   * @brief          : Main program body
   6:Src/main.c    ****   ******************************************************************************
   7:Src/main.c    ****   * @attention
   8:Src/main.c    ****   *
   9:Src/main.c    ****   * <h2><center>&copy; Copyright (c) 2019 STMicroelectronics.
  10:Src/main.c    ****   * All rights reserved.</center></h2>
  11:Src/main.c    ****   *
  12:Src/main.c    ****   * This software component is licensed by ST under BSD 3-Clause license,
  13:Src/main.c    ****   * the "License"; You may not use this file except in compliance with the
  14:Src/main.c    ****   * License. You may obtain a copy of the License at:
  15:Src/main.c    ****   *                        opensource.org/licenses/BSD-3-Clause
  16:Src/main.c    ****   *
  17:Src/main.c    ****   ******************************************************************************
  18:Src/main.c    ****   */
  19:Src/main.c    **** /* USER CODE END Header */
  20:Src/main.c    **** 
  21:Src/main.c    **** /* Includes ------------------------------------------------------------------*/
  22:Src/main.c    **** #include "main.h"
  23:Src/main.c    **** #include "adc.h"
  24:Src/main.c    **** #include "dma.h"
  25:Src/main.c    **** #include "tim.h"
  26:Src/main.c    **** #include "usart.h"
  27:Src/main.c    **** #include "gpio.h"
  28:Src/main.c    **** 
  29:Src/main.c    **** /* Private includes ----------------------------------------------------------*/
  30:Src/main.c    **** /* USER CODE BEGIN Includes */
  31:Src/main.c    **** #include "myprint.h"
ARM GAS  C:\Users\Cairne\AppData\Local\Temp\cc06lLqT.s 			page 2


  32:Src/main.c    **** #include "bldc.h"
  33:Src/main.c    **** #include "keyscan.h"
  34:Src/main.c    **** /* USER CODE END Includes */
  35:Src/main.c    **** 
  36:Src/main.c    **** /* Private typedef -----------------------------------------------------------*/
  37:Src/main.c    **** /* USER CODE BEGIN PTD */
  38:Src/main.c    **** 
  39:Src/main.c    **** /* USER CODE END PTD */
  40:Src/main.c    **** 
  41:Src/main.c    **** /* Private define ------------------------------------------------------------*/
  42:Src/main.c    **** /* USER CODE BEGIN PD */
  43:Src/main.c    **** /* USER CODE END PD */
  44:Src/main.c    **** 
  45:Src/main.c    **** /* Private macro -------------------------------------------------------------*/
  46:Src/main.c    **** /* USER CODE BEGIN PM */
  47:Src/main.c    **** 
  48:Src/main.c    **** /* USER CODE END PM */
  49:Src/main.c    **** 
  50:Src/main.c    **** /* Private variables ---------------------------------------------------------*/
  51:Src/main.c    **** 
  52:Src/main.c    **** /* USER CODE BEGIN PV */
  53:Src/main.c    **** extern HALL hallTree;
  54:Src/main.c    **** extern STATE stateContr;
  55:Src/main.c    **** extern PIDREG_T piSpd;
  56:Src/main.c    **** extern PIDREG_T piICurr;
  57:Src/main.c    **** extern volatile uint32_t ADC_DualConvertValTab[5];
  58:Src/main.c    **** /* USER CODE END PV */
  59:Src/main.c    **** 
  60:Src/main.c    **** /* Private function prototypes -----------------------------------------------*/
  61:Src/main.c    **** void SystemClock_Config(void);
  62:Src/main.c    **** /* USER CODE BEGIN PFP */
  63:Src/main.c    **** 
  64:Src/main.c    **** /* USER CODE END PFP */
  65:Src/main.c    **** 
  66:Src/main.c    **** /* Private user code ---------------------------------------------------------*/
  67:Src/main.c    **** /* USER CODE BEGIN 0 */
  68:Src/main.c    **** 
  69:Src/main.c    **** //volatile uint32_t DMATransComplete = 0;
  70:Src/main.c    **** /* USER CODE END 0 */
  71:Src/main.c    **** 
  72:Src/main.c    **** /**
  73:Src/main.c    ****   * @brief  The application entry point.
  74:Src/main.c    ****   * @retval int
  75:Src/main.c    ****   */
  76:Src/main.c    **** int main(void)
  77:Src/main.c    **** {
  78:Src/main.c    ****   /* USER CODE BEGIN 1 */
  79:Src/main.c    **** 
  80:Src/main.c    ****   /* USER CODE END 1 */
  81:Src/main.c    ****   
  82:Src/main.c    **** 
  83:Src/main.c    ****   /* MCU Configuration--------------------------------------------------------*/
  84:Src/main.c    **** 
  85:Src/main.c    ****   /* Reset of all peripherals, Initializes the Flash interface and the Systick. */
  86:Src/main.c    ****   HAL_Init();
  87:Src/main.c    **** 
  88:Src/main.c    ****   /* USER CODE BEGIN Init */
ARM GAS  C:\Users\Cairne\AppData\Local\Temp\cc06lLqT.s 			page 3


  89:Src/main.c    **** 
  90:Src/main.c    ****   /* USER CODE END Init */
  91:Src/main.c    **** 
  92:Src/main.c    ****   /* Configure the system clock */
  93:Src/main.c    ****   SystemClock_Config();
  94:Src/main.c    **** 
  95:Src/main.c    ****   /* USER CODE BEGIN SysInit */
  96:Src/main.c    **** 
  97:Src/main.c    ****   /* USER CODE END SysInit */
  98:Src/main.c    **** 
  99:Src/main.c    ****   /* Initialize all configured peripherals */
 100:Src/main.c    ****   MX_GPIO_Init();
 101:Src/main.c    ****   MX_DMA_Init();
 102:Src/main.c    ****   MX_ADC1_Init();
 103:Src/main.c    ****   MX_USART1_UART_Init();
 104:Src/main.c    ****   MX_TIM1_Init();
 105:Src/main.c    ****   /* USER CODE BEGIN 2 */
 106:Src/main.c    ****   uint32_t ad1,ad2,ad3,ad4,ad5;
 107:Src/main.c    ****   //extern volatile uint32_t adcConvertTime;
 108:Src/main.c    ****   if(HAL_ADC_Start_DMA(&hadc1,(uint32_t*)&ADC_DualConvertValTab,5) != HAL_OK)
 109:Src/main.c    ****   {
 110:Src/main.c    ****     myPrint("error!\r\n");
 111:Src/main.c    ****   }
 112:Src/main.c    ****   HAL_TIM_PWM_Start(&htim1,TIM_CHANNEL_1);
 113:Src/main.c    ****   HAL_TIM_PWM_Start(&htim1,TIM_CHANNEL_2);
 114:Src/main.c    ****   HAL_TIM_PWM_Start(&htim1,TIM_CHANNEL_3);
 115:Src/main.c    ****   __HAL_TIM_SetCompare(&htim1,TIM_CHANNEL_1,499);
 116:Src/main.c    ****   __HAL_TIM_SetCompare(&htim1,TIM_CHANNEL_2,499);
 117:Src/main.c    ****   __HAL_TIM_SetCompare(&htim1,TIM_CHANNEL_3,499);
 118:Src/main.c    ****   /* USER CODE END 2 */
 119:Src/main.c    **** 
 120:Src/main.c    ****   /* Infinite loop */
 121:Src/main.c    ****   /* USER CODE BEGIN WHILE */
 122:Src/main.c    ****   while (1)
 123:Src/main.c    ****   {
 124:Src/main.c    ****     /* USER CODE END WHILE */
 125:Src/main.c    **** 
 126:Src/main.c    ****     /* USER CODE BEGIN 3 */
 127:Src/main.c    ****     HAL_Delay(20);
 128:Src/main.c    ****     ad1 = ADC_DualConvertValTab[0];
 129:Src/main.c    ****     ad2 = ADC_DualConvertValTab[1];
 130:Src/main.c    ****     ad3 = ADC_DualConvertValTab[2];
 131:Src/main.c    ****     ad4 = ADC_DualConvertValTab[3];
 132:Src/main.c    ****     ad5 = ADC_DualConvertValTab[4];
 133:Src/main.c    ****     __HAL_TIM_SetCompare(&htim1,TIM_CHANNEL_1,ad1);
 134:Src/main.c    ****     __HAL_TIM_SetCompare(&htim1,TIM_CHANNEL_2,ad2);
 135:Src/main.c    ****     myPrint("%d | %d | %d | %d | %d \r\n",ad1,ad2,ad3,ad4,ad5);
 136:Src/main.c    ****     keyScan();
 137:Src/main.c    ****   }
 138:Src/main.c    ****   /* USER CODE END 3 */
 139:Src/main.c    **** }
 140:Src/main.c    **** 
 141:Src/main.c    **** /**
 142:Src/main.c    ****   * @brief System Clock Configuration
 143:Src/main.c    ****   * @retval None
 144:Src/main.c    ****   */
 145:Src/main.c    **** void SystemClock_Config(void)
ARM GAS  C:\Users\Cairne\AppData\Local\Temp\cc06lLqT.s 			page 4


 146:Src/main.c    **** {
  28              		.loc 1 146 0
  29              		.cfi_startproc
  30              		@ args = 0, pretend = 0, frame = 80
  31              		@ frame_needed = 0, uses_anonymous_args = 0
  32 0000 30B5     		push	{r4, r5, lr}
  33              	.LCFI0:
  34              		.cfi_def_cfa_offset 12
  35              		.cfi_offset 4, -12
  36              		.cfi_offset 5, -8
  37              		.cfi_offset 14, -4
  38 0002 95B0     		sub	sp, sp, #84
  39              	.LCFI1:
  40              		.cfi_def_cfa_offset 96
 147:Src/main.c    ****   RCC_OscInitTypeDef RCC_OscInitStruct = {0};
  41              		.loc 1 147 0
  42 0004 3022     		movs	r2, #48
  43 0006 0021     		movs	r1, #0
  44 0008 08A8     		add	r0, sp, #32
  45 000a FFF7FEFF 		bl	memset
  46              	.LVL0:
 148:Src/main.c    ****   RCC_ClkInitTypeDef RCC_ClkInitStruct = {0};
  47              		.loc 1 148 0
  48 000e 0024     		movs	r4, #0
  49 0010 0394     		str	r4, [sp, #12]
  50 0012 0494     		str	r4, [sp, #16]
  51 0014 0594     		str	r4, [sp, #20]
  52 0016 0694     		str	r4, [sp, #24]
  53 0018 0794     		str	r4, [sp, #28]
  54              	.LBB2:
 149:Src/main.c    **** 
 150:Src/main.c    ****   /** Configure the main internal regulator output voltage 
 151:Src/main.c    ****   */
 152:Src/main.c    ****   __HAL_RCC_PWR_CLK_ENABLE();
  55              		.loc 1 152 0
  56 001a 0194     		str	r4, [sp, #4]
  57 001c 1C4B     		ldr	r3, .L3
  58 001e 1A6C     		ldr	r2, [r3, #64]
  59 0020 42F08052 		orr	r2, r2, #268435456
  60 0024 1A64     		str	r2, [r3, #64]
  61 0026 1B6C     		ldr	r3, [r3, #64]
  62 0028 03F08053 		and	r3, r3, #268435456
  63 002c 0193     		str	r3, [sp, #4]
  64 002e 019B     		ldr	r3, [sp, #4]
  65              	.LBE2:
  66              	.LBB3:
 153:Src/main.c    ****   __HAL_PWR_VOLTAGESCALING_CONFIG(PWR_REGULATOR_VOLTAGE_SCALE1);
  67              		.loc 1 153 0
  68 0030 0294     		str	r4, [sp, #8]
  69 0032 184B     		ldr	r3, .L3+4
  70 0034 1A68     		ldr	r2, [r3]
  71 0036 42F48042 		orr	r2, r2, #16384
  72 003a 1A60     		str	r2, [r3]
  73 003c 1B68     		ldr	r3, [r3]
  74 003e 03F48043 		and	r3, r3, #16384
  75 0042 0293     		str	r3, [sp, #8]
  76 0044 029B     		ldr	r3, [sp, #8]
ARM GAS  C:\Users\Cairne\AppData\Local\Temp\cc06lLqT.s 			page 5


  77              	.LBE3:
 154:Src/main.c    ****   /** Initializes the CPU, AHB and APB busses clocks 
 155:Src/main.c    ****   */
 156:Src/main.c    ****   RCC_OscInitStruct.OscillatorType = RCC_OSCILLATORTYPE_HSE;
  78              		.loc 1 156 0
  79 0046 0123     		movs	r3, #1
  80 0048 0893     		str	r3, [sp, #32]
 157:Src/main.c    ****   RCC_OscInitStruct.HSEState = RCC_HSE_ON;
  81              		.loc 1 157 0
  82 004a 4FF48033 		mov	r3, #65536
  83 004e 0993     		str	r3, [sp, #36]
 158:Src/main.c    ****   RCC_OscInitStruct.PLL.PLLState = RCC_PLL_ON;
  84              		.loc 1 158 0
  85 0050 0225     		movs	r5, #2
  86 0052 0E95     		str	r5, [sp, #56]
 159:Src/main.c    ****   RCC_OscInitStruct.PLL.PLLSource = RCC_PLLSOURCE_HSE;
  87              		.loc 1 159 0
  88 0054 4FF48003 		mov	r3, #4194304
  89 0058 0F93     		str	r3, [sp, #60]
 160:Src/main.c    ****   RCC_OscInitStruct.PLL.PLLM = 4;
  90              		.loc 1 160 0
  91 005a 0423     		movs	r3, #4
  92 005c 1093     		str	r3, [sp, #64]
 161:Src/main.c    ****   RCC_OscInitStruct.PLL.PLLN = 168;
  93              		.loc 1 161 0
  94 005e A822     		movs	r2, #168
  95 0060 1192     		str	r2, [sp, #68]
 162:Src/main.c    ****   RCC_OscInitStruct.PLL.PLLP = RCC_PLLP_DIV2;
  96              		.loc 1 162 0
  97 0062 1295     		str	r5, [sp, #72]
 163:Src/main.c    ****   RCC_OscInitStruct.PLL.PLLQ = 4;
  98              		.loc 1 163 0
  99 0064 1393     		str	r3, [sp, #76]
 164:Src/main.c    ****   if (HAL_RCC_OscConfig(&RCC_OscInitStruct) != HAL_OK)
 100              		.loc 1 164 0
 101 0066 08A8     		add	r0, sp, #32
 102 0068 FFF7FEFF 		bl	HAL_RCC_OscConfig
 103              	.LVL1:
 165:Src/main.c    ****   {
 166:Src/main.c    ****     Error_Handler();
 167:Src/main.c    ****   }
 168:Src/main.c    ****   /** Initializes the CPU, AHB and APB busses clocks 
 169:Src/main.c    ****   */
 170:Src/main.c    ****   RCC_ClkInitStruct.ClockType = RCC_CLOCKTYPE_HCLK|RCC_CLOCKTYPE_SYSCLK
 104              		.loc 1 170 0
 105 006c 0F23     		movs	r3, #15
 106 006e 0393     		str	r3, [sp, #12]
 171:Src/main.c    ****                               |RCC_CLOCKTYPE_PCLK1|RCC_CLOCKTYPE_PCLK2;
 172:Src/main.c    ****   RCC_ClkInitStruct.SYSCLKSource = RCC_SYSCLKSOURCE_PLLCLK;
 107              		.loc 1 172 0
 108 0070 0495     		str	r5, [sp, #16]
 173:Src/main.c    ****   RCC_ClkInitStruct.AHBCLKDivider = RCC_SYSCLK_DIV1;
 109              		.loc 1 173 0
 110 0072 0594     		str	r4, [sp, #20]
 174:Src/main.c    ****   RCC_ClkInitStruct.APB1CLKDivider = RCC_HCLK_DIV4;
 111              		.loc 1 174 0
 112 0074 4FF4A053 		mov	r3, #5120
ARM GAS  C:\Users\Cairne\AppData\Local\Temp\cc06lLqT.s 			page 6


 113 0078 0693     		str	r3, [sp, #24]
 175:Src/main.c    ****   RCC_ClkInitStruct.APB2CLKDivider = RCC_HCLK_DIV2;
 114              		.loc 1 175 0
 115 007a 4FF48053 		mov	r3, #4096
 116 007e 0793     		str	r3, [sp, #28]
 176:Src/main.c    **** 
 177:Src/main.c    ****   if (HAL_RCC_ClockConfig(&RCC_ClkInitStruct, FLASH_LATENCY_5) != HAL_OK)
 117              		.loc 1 177 0
 118 0080 0521     		movs	r1, #5
 119 0082 03A8     		add	r0, sp, #12
 120 0084 FFF7FEFF 		bl	HAL_RCC_ClockConfig
 121              	.LVL2:
 178:Src/main.c    ****   {
 179:Src/main.c    ****     Error_Handler();
 180:Src/main.c    ****   }
 181:Src/main.c    ****   /** Enables the Clock Security System 
 182:Src/main.c    ****   */
 183:Src/main.c    ****   HAL_RCC_EnableCSS();
 122              		.loc 1 183 0
 123 0088 FFF7FEFF 		bl	HAL_RCC_EnableCSS
 124              	.LVL3:
 184:Src/main.c    **** }
 125              		.loc 1 184 0
 126 008c 15B0     		add	sp, sp, #84
 127              	.LCFI2:
 128              		.cfi_def_cfa_offset 12
 129              		@ sp needed
 130 008e 30BD     		pop	{r4, r5, pc}
 131              	.L4:
 132              		.align	2
 133              	.L3:
 134 0090 00380240 		.word	1073887232
 135 0094 00700040 		.word	1073770496
 136              		.cfi_endproc
 137              	.LFE134:
 139              		.section	.text.main,"ax",%progbits
 140              		.align	1
 141              		.global	main
 142              		.syntax unified
 143              		.thumb
 144              		.thumb_func
 145              		.fpu fpv4-sp-d16
 147              	main:
 148              	.LFB133:
  77:Src/main.c    ****   /* USER CODE BEGIN 1 */
 149              		.loc 1 77 0
 150              		.cfi_startproc
 151              		@ args = 0, pretend = 0, frame = 0
 152              		@ frame_needed = 0, uses_anonymous_args = 0
 153 0000 30B5     		push	{r4, r5, lr}
 154              	.LCFI3:
 155              		.cfi_def_cfa_offset 12
 156              		.cfi_offset 4, -12
 157              		.cfi_offset 5, -8
 158              		.cfi_offset 14, -4
 159 0002 83B0     		sub	sp, sp, #12
 160              	.LCFI4:
ARM GAS  C:\Users\Cairne\AppData\Local\Temp\cc06lLqT.s 			page 7


 161              		.cfi_def_cfa_offset 24
  86:Src/main.c    **** 
 162              		.loc 1 86 0
 163 0004 FFF7FEFF 		bl	HAL_Init
 164              	.LVL4:
  93:Src/main.c    **** 
 165              		.loc 1 93 0
 166 0008 FFF7FEFF 		bl	SystemClock_Config
 167              	.LVL5:
 100:Src/main.c    ****   MX_DMA_Init();
 168              		.loc 1 100 0
 169 000c FFF7FEFF 		bl	MX_GPIO_Init
 170              	.LVL6:
 101:Src/main.c    ****   MX_ADC1_Init();
 171              		.loc 1 101 0
 172 0010 FFF7FEFF 		bl	MX_DMA_Init
 173              	.LVL7:
 102:Src/main.c    ****   MX_USART1_UART_Init();
 174              		.loc 1 102 0
 175 0014 FFF7FEFF 		bl	MX_ADC1_Init
 176              	.LVL8:
 103:Src/main.c    ****   MX_TIM1_Init();
 177              		.loc 1 103 0
 178 0018 FFF7FEFF 		bl	MX_USART1_UART_Init
 179              	.LVL9:
 104:Src/main.c    ****   /* USER CODE BEGIN 2 */
 180              		.loc 1 104 0
 181 001c FFF7FEFF 		bl	MX_TIM1_Init
 182              	.LVL10:
 108:Src/main.c    ****   {
 183              		.loc 1 108 0
 184 0020 0522     		movs	r2, #5
 185 0022 1849     		ldr	r1, .L10
 186 0024 1848     		ldr	r0, .L10+4
 187 0026 FFF7FEFF 		bl	HAL_ADC_Start_DMA
 188              	.LVL11:
 189 002a 38BB     		cbnz	r0, .L9
 190              	.L6:
 112:Src/main.c    ****   HAL_TIM_PWM_Start(&htim1,TIM_CHANNEL_2);
 191              		.loc 1 112 0
 192 002c 174C     		ldr	r4, .L10+8
 193 002e 0021     		movs	r1, #0
 194 0030 2046     		mov	r0, r4
 195 0032 FFF7FEFF 		bl	HAL_TIM_PWM_Start
 196              	.LVL12:
 113:Src/main.c    ****   HAL_TIM_PWM_Start(&htim1,TIM_CHANNEL_3);
 197              		.loc 1 113 0
 198 0036 0421     		movs	r1, #4
 199 0038 2046     		mov	r0, r4
 200 003a FFF7FEFF 		bl	HAL_TIM_PWM_Start
 201              	.LVL13:
 114:Src/main.c    ****   __HAL_TIM_SetCompare(&htim1,TIM_CHANNEL_1,499);
 202              		.loc 1 114 0
 203 003e 0821     		movs	r1, #8
 204 0040 2046     		mov	r0, r4
 205 0042 FFF7FEFF 		bl	HAL_TIM_PWM_Start
 206              	.LVL14:
ARM GAS  C:\Users\Cairne\AppData\Local\Temp\cc06lLqT.s 			page 8


 115:Src/main.c    ****   __HAL_TIM_SetCompare(&htim1,TIM_CHANNEL_2,499);
 207              		.loc 1 115 0
 208 0046 2368     		ldr	r3, [r4]
 209 0048 40F2F312 		movw	r2, #499
 210 004c 5A63     		str	r2, [r3, #52]
 116:Src/main.c    ****   __HAL_TIM_SetCompare(&htim1,TIM_CHANNEL_3,499);
 211              		.loc 1 116 0
 212 004e 9A63     		str	r2, [r3, #56]
 117:Src/main.c    ****   /* USER CODE END 2 */
 213              		.loc 1 117 0
 214 0050 DA63     		str	r2, [r3, #60]
 215              	.L7:
 127:Src/main.c    ****     ad1 = ADC_DualConvertValTab[0];
 216              		.loc 1 127 0 discriminator 1
 217 0052 1420     		movs	r0, #20
 218 0054 FFF7FEFF 		bl	HAL_Delay
 219              	.LVL15:
 128:Src/main.c    ****     ad2 = ADC_DualConvertValTab[1];
 220              		.loc 1 128 0 discriminator 1
 221 0058 0A48     		ldr	r0, .L10
 222 005a 0168     		ldr	r1, [r0]
 223              	.LVL16:
 129:Src/main.c    ****     ad3 = ADC_DualConvertValTab[2];
 224              		.loc 1 129 0 discriminator 1
 225 005c 4268     		ldr	r2, [r0, #4]
 226              	.LVL17:
 130:Src/main.c    ****     ad4 = ADC_DualConvertValTab[3];
 227              		.loc 1 130 0 discriminator 1
 228 005e 8368     		ldr	r3, [r0, #8]
 229              	.LVL18:
 131:Src/main.c    ****     ad5 = ADC_DualConvertValTab[4];
 230              		.loc 1 131 0 discriminator 1
 231 0060 C468     		ldr	r4, [r0, #12]
 232              	.LVL19:
 132:Src/main.c    ****     __HAL_TIM_SetCompare(&htim1,TIM_CHANNEL_1,ad1);
 233              		.loc 1 132 0 discriminator 1
 234 0062 0569     		ldr	r5, [r0, #16]
 235              	.LVL20:
 133:Src/main.c    ****     __HAL_TIM_SetCompare(&htim1,TIM_CHANNEL_2,ad2);
 236              		.loc 1 133 0 discriminator 1
 237 0064 0948     		ldr	r0, .L10+8
 238 0066 0068     		ldr	r0, [r0]
 239 0068 4163     		str	r1, [r0, #52]
 134:Src/main.c    ****     myPrint("%d | %d | %d | %d | %d \r\n",ad1,ad2,ad3,ad4,ad5);
 240              		.loc 1 134 0 discriminator 1
 241 006a 8263     		str	r2, [r0, #56]
 135:Src/main.c    ****     keyScan();
 242              		.loc 1 135 0 discriminator 1
 243 006c 0195     		str	r5, [sp, #4]
 244 006e 0094     		str	r4, [sp]
 245 0070 0748     		ldr	r0, .L10+12
 246 0072 FFF7FEFF 		bl	myPrint
 247              	.LVL21:
 136:Src/main.c    ****   }
 248              		.loc 1 136 0 discriminator 1
 249 0076 FFF7FEFF 		bl	keyScan
 250              	.LVL22:
ARM GAS  C:\Users\Cairne\AppData\Local\Temp\cc06lLqT.s 			page 9


 251 007a EAE7     		b	.L7
 252              	.LVL23:
 253              	.L9:
 110:Src/main.c    ****   }
 254              		.loc 1 110 0
 255 007c 0548     		ldr	r0, .L10+16
 256 007e FFF7FEFF 		bl	myPrint
 257              	.LVL24:
 258 0082 D3E7     		b	.L6
 259              	.L11:
 260              		.align	2
 261              	.L10:
 262 0084 00000000 		.word	ADC_DualConvertValTab
 263 0088 00000000 		.word	hadc1
 264 008c 00000000 		.word	htim1
 265 0090 0C000000 		.word	.LC1
 266 0094 00000000 		.word	.LC0
 267              		.cfi_endproc
 268              	.LFE133:
 270              		.section	.text.Error_Handler,"ax",%progbits
 271              		.align	1
 272              		.global	Error_Handler
 273              		.syntax unified
 274              		.thumb
 275              		.thumb_func
 276              		.fpu fpv4-sp-d16
 278              	Error_Handler:
 279              	.LFB135:
 185:Src/main.c    **** 
 186:Src/main.c    **** /* USER CODE BEGIN 4 */
 187:Src/main.c    **** 
 188:Src/main.c    **** /* USER CODE END 4 */
 189:Src/main.c    **** 
 190:Src/main.c    **** /**
 191:Src/main.c    ****   * @brief  This function is executed in case of error occurrence.
 192:Src/main.c    ****   * @retval None
 193:Src/main.c    ****   */
 194:Src/main.c    **** void Error_Handler(void)
 195:Src/main.c    **** {
 280              		.loc 1 195 0
 281              		.cfi_startproc
 282              		@ args = 0, pretend = 0, frame = 0
 283              		@ frame_needed = 0, uses_anonymous_args = 0
 284              		@ link register save eliminated.
 196:Src/main.c    ****   /* USER CODE BEGIN Error_Handler_Debug */
 197:Src/main.c    ****   /* User can add his own implementation to report the HAL error return state */
 198:Src/main.c    **** 
 199:Src/main.c    ****   /* USER CODE END Error_Handler_Debug */
 200:Src/main.c    **** }
 285              		.loc 1 200 0
 286 0000 7047     		bx	lr
 287              		.cfi_endproc
 288              	.LFE135:
 290              		.section	.rodata.main.str1.4,"aMS",%progbits,1
 291              		.align	2
 292              	.LC0:
 293 0000 6572726F 		.ascii	"error!\015\012\000"
ARM GAS  C:\Users\Cairne\AppData\Local\Temp\cc06lLqT.s 			page 10


 293      72210D0A 
 293      00
 294 0009 000000   		.space	3
 295              	.LC1:
 296 000c 2564207C 		.ascii	"%d | %d | %d | %d | %d \015\012\000"
 296      20256420 
 296      7C202564 
 296      207C2025 
 296      64207C20 
 297              		.text
 298              	.Letext0:
 299              		.file 2 "c:\\program files (x86)\\gnu tools arm embedded\\7 2018-q2-update\\arm-none-eabi\\include
 300              		.file 3 "c:\\program files (x86)\\gnu tools arm embedded\\7 2018-q2-update\\arm-none-eabi\\include
 301              		.file 4 "Drivers/CMSIS/Include/core_cm4.h"
 302              		.file 5 "Drivers/CMSIS/Device/ST/STM32F4xx/Include/system_stm32f4xx.h"
 303              		.file 6 "Drivers/CMSIS/Device/ST/STM32F4xx/Include/stm32f405xx.h"
 304              		.file 7 "Drivers/CMSIS/Device/ST/STM32F4xx/Include/stm32f4xx.h"
 305              		.file 8 "Drivers/STM32F4xx_HAL_Driver/Inc/stm32f4xx_hal_def.h"
 306              		.file 9 "Drivers/STM32F4xx_HAL_Driver/Inc/stm32f4xx_hal_rcc_ex.h"
 307              		.file 10 "Drivers/STM32F4xx_HAL_Driver/Inc/stm32f4xx_hal_rcc.h"
 308              		.file 11 "Drivers/STM32F4xx_HAL_Driver/Inc/stm32f4xx_hal_dma.h"
 309              		.file 12 "Drivers/STM32F4xx_HAL_Driver/Inc/stm32f4xx_hal_adc.h"
 310              		.file 13 "Drivers/STM32F4xx_HAL_Driver/Inc/stm32f4xx_hal_tim.h"
 311              		.file 14 "Drivers/STM32F4xx_HAL_Driver/Inc/stm32f4xx_hal_uart.h"
 312              		.file 15 "Inc/adc.h"
 313              		.file 16 "Inc/tim.h"
 314              		.file 17 "Inc/usart.h"
 315              		.file 18 "c:\\program files (x86)\\gnu tools arm embedded\\7 2018-q2-update\\arm-none-eabi\\includ
 316              		.file 19 "c:\\program files (x86)\\gnu tools arm embedded\\7 2018-q2-update\\arm-none-eabi\\includ
 317              		.file 20 "c:\\program files (x86)\\gnu tools arm embedded\\7 2018-q2-update\\lib\\gcc\\arm-none-ea
 318              		.file 21 "c:\\program files (x86)\\gnu tools arm embedded\\7 2018-q2-update\\arm-none-eabi\\includ
 319              		.file 22 "Inc/bldc.h"
 320              		.file 23 "Drivers/STM32F4xx_HAL_Driver/Inc/stm32f4xx_hal.h"
 321              		.file 24 "Inc/gpio.h"
 322              		.file 25 "Inc/dma.h"
 323              		.file 26 "Inc/myprint.h"
 324              		.file 27 "Inc/keyscan.h"
 325              		.file 28 "<built-in>"
ARM GAS  C:\Users\Cairne\AppData\Local\Temp\cc06lLqT.s 			page 11


DEFINED SYMBOLS
                            *ABS*:00000000 main.c
C:\Users\Cairne\AppData\Local\Temp\cc06lLqT.s:18     .text.SystemClock_Config:00000000 $t
C:\Users\Cairne\AppData\Local\Temp\cc06lLqT.s:25     .text.SystemClock_Config:00000000 SystemClock_Config
C:\Users\Cairne\AppData\Local\Temp\cc06lLqT.s:134    .text.SystemClock_Config:00000090 $d
C:\Users\Cairne\AppData\Local\Temp\cc06lLqT.s:140    .text.main:00000000 $t
C:\Users\Cairne\AppData\Local\Temp\cc06lLqT.s:147    .text.main:00000000 main
C:\Users\Cairne\AppData\Local\Temp\cc06lLqT.s:262    .text.main:00000084 $d
C:\Users\Cairne\AppData\Local\Temp\cc06lLqT.s:271    .text.Error_Handler:00000000 $t
C:\Users\Cairne\AppData\Local\Temp\cc06lLqT.s:278    .text.Error_Handler:00000000 Error_Handler
C:\Users\Cairne\AppData\Local\Temp\cc06lLqT.s:291    .rodata.main.str1.4:00000000 $d

UNDEFINED SYMBOLS
memset
HAL_RCC_OscConfig
HAL_RCC_ClockConfig
HAL_RCC_EnableCSS
HAL_Init
MX_GPIO_Init
MX_DMA_Init
MX_ADC1_Init
MX_USART1_UART_Init
MX_TIM1_Init
HAL_ADC_Start_DMA
HAL_TIM_PWM_Start
HAL_Delay
myPrint
keyScan
ADC_DualConvertValTab
hadc1
htim1
